[LOG] Welcome to hyprpaper!
built from commit v0.7.5 ()
[LOG] Cleaned old hyprpaper preloads (1), removing 8.3MB
[LOG] Preloaded target /home/marble/.config/wallpaper/wallpaper-1.png in 221.00ms -> Pixel size: [3840, 2160]
[LOG] Buffer created for target /home/marble/.config/wallpaper/wallpaper-1.png, Shared Memory usage: 8.3MB
[LOG] Total SM usage for all buffers: 8.3MB
[LOG] configure for eDP-1
[LOG] configure for eDP-1
[LOG] Image data for eDP-1: /home/marble/.config/wallpaper/wallpaper-1.png at [-0.00, 0.00], scale: 0.50 (original image size: [3840, 2160])
[LOG] Submitting viewport dest size 1920x1080 for 29d35b20
[LOG] handlePreferredScale: 1.00 for 29d35b20
[LOG] Registered timeout rule for 1800s:
      on-timeout: systemctl suspend
      on-resume: 
[LOG]   | got iface: wl_seat v9
[LOG]    > Bound to wl_seat v9
[LOG]   | got iface: wl_data_device_manager v3
[LOG]   | got iface: wl_compositor v6
[LOG]   | got iface: wl_subcompositor v1
[LOG]   | got iface: wl_shm v1
[LOG]   | got iface: wp_viewporter v1
[LOG]   | got iface: wp_tearing_control_manager_v1 v1
[LOG]   | got iface: wp_fractional_scale_manager_v1 v1
[LOG]   | got iface: zxdg_output_manager_v1 v3
[LOG]   | got iface: wp_cursor_shape_manager_v1 v1
[LOG]   | got iface: zwp_idle_inhibit_manager_v1 v1
[LOG]   | got iface: zwp_relative_pointer_manager_v1 v1
[LOG]   | got iface: zxdg_decoration_manager_v1 v1
[LOG]   | got iface: wp_alpha_modifier_v1 v1
[LOG]   | got iface: zwlr_gamma_control_manager_v1 v1
[LOG]   | got iface: ext_foreign_toplevel_list_v1 v1
[LOG]   | got iface: zwp_pointer_gestures_v1 v3
[LOG]   | got iface: zwlr_foreign_toplevel_manager_v1 v3
[LOG]   | got iface: zwp_keyboard_shortcuts_inhibit_manager_v1 v1
[LOG]   | got iface: zwp_text_input_manager_v1 v1
[LOG]   | got iface: zwp_text_input_manager_v3 v1
[LOG]   | got iface: zwp_pointer_constraints_v1 v1
[LOG]   | got iface: zwlr_output_power_manager_v1 v1
[LOG]   | got iface: xdg_activation_v1 v1
[LOG]   | got iface: ext_idle_notifier_v1 v2
[LOG]    > Bound to ext_idle_notifier_v1 v2
[LOG]   | got iface: hyprland_lock_notifier_v1 v1
[LOG]    > Bound to hyprland_lock_notifier_v1 v1
[LOG]   | got iface: ext_session_lock_manager_v1 v1
[LOG]   | got iface: zwp_input_method_manager_v2 v1
[LOG]   | got iface: zwp_virtual_keyboard_manager_v1 v1
[LOG]   | got iface: zwlr_virtual_pointer_manager_v1 v2
[LOG]   | got iface: zwlr_output_manager_v1 v4
[LOG]   | got iface: org_kde_kwin_server_decoration_manager v1
[LOG]   | got iface: hyprland_focus_grab_manager_v1 v1
[LOG]   | got iface: zwp_tablet_manager_v2 v1
[LOG]   | got iface: zwlr_layer_shell_v1 v5
[LOG]   | got iface: wp_presentation v1
[LOG]   | got iface: xdg_wm_base v6
[LOG]   | got iface: zwlr_data_control_manager_v1 v2
[LOG]   | got iface: zwp_primary_selection_device_manager_v1 v1
[LOG]   | got iface: xwayland_shell_v1 v1
[LOG]   | got iface: zwlr_screencopy_manager_v1 v3
[LOG]   | got iface: hyprland_toplevel_export_manager_v1 v2
[LOG]   | got iface: hyprland_toplevel_mapping_manager_v1 v1
[LOG]   | got iface: hyprland_global_shortcuts_manager_v1 v1
[LOG]   | got iface: xdg_wm_dialog_v1 v1
[LOG]   | got iface: wp_single_pixel_buffer_manager_v1 v1
[LOG]   | got iface: wp_security_context_manager_v1 v1
[LOG]   | got iface: hyprland_ctm_control_manager_v1 v2
[LOG]   | got iface: hyprland_surface_manager_v1 v2
[LOG]   | got iface: wp_content_type_manager_v1 v1
[LOG]   | got iface: xdg_toplevel_tag_manager_v1 v1
[LOG]   | got iface: xdg_system_bell_v1 v1
[LOG]   | got iface: wp_color_manager_v1 v1
[LOG]   | got iface: wp_drm_lease_device_v1 v1
[LOG]   | got iface: wp_linux_drm_syncobj_manager_v1 v1
[LOG]   | got iface: wl_drm v2
[LOG]   | got iface: zwp_linux_dmabuf_v1 v5
[LOG]   | got iface: wl_output v4
[LOG] found 1 rules
[LOG] wayland done, registering dbus
[LOG] Sleep inhibition enabled
[LOG] Using dbus path /org/freedesktop/login1/session/_32
[LOG] Inhibited sleep with fd 10
[LOG] ScreenSaver inhibit: true dbus message from  (owner: :1.16) with content Stories playback is active
[LOG] Inhibit locks: 1
[LOG] Cookie 1337 sent
[LOG] ScreenSaver inhibit: false dbus message from  (owner: :1.16) with content Stories playback is active
[LOG] Inhibit locks: 0
[LOG] ScreenSaver inhibit: true dbus message from  (owner: :1.16) with content Stories playback is active
[LOG] Inhibit locks: 1
[LOG] Cookie 1338 sent
[LOG] ScreenSaver inhibit: false dbus message from  (owner: :1.16) with content Stories playback is active
[LOG] Inhibit locks: 0
[LOG] ScreenSaver inhibit: true dbus message from  (owner: :1.16) with content Stories playback is active
[LOG] Inhibit locks: 1
[LOG] Cookie 1339 sent
[LOG] ScreenSaver inhibit: false dbus message from  (owner: :1.16) with content Stories playback is active
[LOG] Inhibit locks: 0
[LOG] ScreenSaver inhibit: true dbus message from firefox (owner: :1.33) with content video-playing
[LOG] Inhibit locks: 1
[LOG] Cookie 1340 sent
[LOG] ScreenSaver inhibit: false dbus message from firefox (owner: :1.33) with content video-playing
[LOG] Inhibit locks: 0
[LOG] ScreenSaver inhibit: true dbus message from firefox (owner: :1.33) with content video-playing
[LOG] Inhibit locks: 1
[LOG] Cookie 1341 sent
[LOG] ScreenSaver inhibit: false dbus message from firefox (owner: :1.33) with content video-playing
[LOG] Inhibit locks: 0
[LOG] ScreenSaver inhibit: true dbus message from firefox (owner: :1.33) with content video-playing
[LOG] Inhibit locks: 1
[LOG] Cookie 1342 sent
[LOG] ScreenSaver inhibit: false dbus message from firefox (owner: :1.33) with content video-playing
[LOG] Inhibit locks: 0
[LOG] ScreenSaver inhibit: true dbus message from firefox (owner: :1.33) with content video-playing
[LOG] Inhibit locks: 1
[LOG] Cookie 1343 sent
[LOG] ScreenSaver inhibit: false dbus message from firefox (owner: :1.33) with content video-playing
[LOG] Inhibit locks: 0
[LOG] ScreenSaver inhibit: true dbus message from firefox (owner: :1.33) with content video-playing
[LOG] Inhibit locks: 1
[LOG] Cookie 1344 sent
[LOG] ScreenSaver inhibit: false dbus message from firefox (owner: :1.33) with content video-playing
[LOG] Inhibit locks: 0
[LOG] ScreenSaver inhibit: true dbus message from firefox (owner: :1.33) with content video-playing
[LOG] Inhibit locks: 1
[LOG] Cookie 1345 sent
[LOG] ScreenSaver inhibit: false dbus message from firefox (owner: :1.33) with content video-playing
[LOG] Inhibit locks: 0
[LOG] ScreenSaver inhibit: true dbus message from firefox (owner: :1.33) with content video-playing
[LOG] Inhibit locks: 1
[LOG] Cookie 1346 sent
[LOG] ScreenSaver inhibit: false dbus message from firefox (owner: :1.33) with content video-playing
[LOG] Inhibit locks: 0
[LOG] ScreenSaver inhibit: true dbus message from firefox (owner: :1.33) with content video-playing
[LOG] Inhibit locks: 1
[LOG] Cookie 1347 sent
[LOG] ScreenSaver inhibit: false dbus message from firefox (owner: :1.33) with content video-playing
[LOG] Inhibit locks: 0
[LOG] ScreenSaver inhibit: true dbus message from firefox (owner: :1.33) with content video-playing
[LOG] Inhibit locks: 1
[LOG] Cookie 1348 sent
[LOG] ScreenSaver inhibit: false dbus message from firefox (owner: :1.33) with content video-playing
[LOG] Inhibit locks: 0
[LOG] ScreenSaver inhibit: true dbus message from firefox (owner: :1.33) with content video-playing
[LOG] Inhibit locks: 1
[LOG] Cookie 1349 sent
[LOG] ScreenSaver inhibit: false dbus message from firefox (owner: :1.33) with content video-playing
[LOG] Inhibit locks: 0
[LOG] ScreenSaver inhibit: true dbus message from firefox (owner: :1.33) with content video-playing
[LOG] Inhibit locks: 1
[LOG] Cookie 1350 sent
[LOG] ScreenSaver inhibit: false dbus message from firefox (owner: :1.33) with content video-playing
[LOG] Inhibit locks: 0
[LOG] ScreenSaver inhibit: true dbus message from firefox (owner: :1.33) with content video-playing
[LOG] Inhibit locks: 1
[LOG] Cookie 1351 sent
[LOG] ScreenSaver inhibit: false dbus message from firefox (owner: :1.33) with content video-playing
[LOG] Inhibit locks: 0
[LOG] ScreenSaver inhibit: true dbus message from firefox (owner: :1.33) with content video-playing
[LOG] Inhibit locks: 1
[LOG] Cookie 1352 sent
[LOG] ScreenSaver inhibit: false dbus message from firefox (owner: :1.33) with content video-playing
[LOG] Inhibit locks: 0
[LOG] ScreenSaver inhibit: true dbus message from firefox (owner: :1.33) with content video-playing
[LOG] Inhibit locks: 1
[LOG] Cookie 1353 sent
[LOG] ScreenSaver inhibit: false dbus message from firefox (owner: :1.33) with content video-playing
[LOG] Inhibit locks: 0
[LOG] ScreenSaver inhibit: true dbus message from firefox (owner: :1.33) with content video-playing
[LOG] Inhibit locks: 1
[LOG] Cookie 1354 sent
[LOG] ScreenSaver inhibit: false dbus message from firefox (owner: :1.33) with content video-playing
[LOG] Inhibit locks: 0
[LOG] ScreenSaver inhibit: true dbus message from firefox (owner: :1.33) with content video-playing
[LOG] Inhibit locks: 1
[LOG] Cookie 1355 sent
[LOG] ScreenSaver inhibit: false dbus message from firefox (owner: :1.33) with content video-playing
[LOG] Inhibit locks: 0
[LOG] ScreenSaver inhibit: true dbus message from firefox (owner: :1.33) with content video-playing
[LOG] Inhibit locks: 1
[LOG] Cookie 1356 sent
[LOG] ScreenSaver inhibit: false dbus message from firefox (owner: :1.33) with content video-playing
[LOG] Inhibit locks: 0
[LOG] Got PrepareForSleep from dbus with sleep true
[LOG] Releasing the sleep inhibitor!
[LOG] Got PrepareForSleep from dbus with sleep false
[LOG] Inhibited sleep with fd 10
[LOG] Got PrepareForSleep from dbus with sleep true
[LOG] Releasing the sleep inhibitor!
[LOG] Got PrepareForSleep from dbus with sleep false
[LOG] Inhibited sleep with fd 10
[CRITICAL] [core] Disconnected from pollfd id 1
